<?xml version="1.0" encoding="UTF-8"?>
<!-- Generated by org.testng.reporters.JUnitXMLReporter -->
<testsuite ignored="0" hostname="BHARATH" failures="0" tests="4" name="Payement" time="0.153" errors="0" timestamp="2021-05-09T19:57:54 IST">
  <testcase classname="bpack.ClassThree" name="testThree" time="0.016"/>
  <testcase classname="cpack.ClassFive" name="testFive" time="0.004"/>
  <testcase classname="cpack.ClassSix" name="testSix" time="0.004"/>
  <testcase classname="cpack.ClassSeven" name="testSeven" time="0.003"/>
</testsuite> <!-- Payement -->
