<?xml version="1.0" encoding="UTF-8"?>
<!-- Generated by org.testng.reporters.JUnitXMLReporter -->
<testsuite ignored="0" hostname="BHARATH" failures="0" tests="3" name="Default test" time="55.644" errors="0" timestamp="2021-05-22T12:25:56 IST">
  <testcase classname="datadriven.DataDrivenTest" name="login" time="16.497"/>
  <testcase classname="datadriven.DataDrivenTest" name="login" time="2.836"/>
  <testcase classname="datadriven.DataDrivenTest" name="login" time="3.182"/>
</testsuite> <!-- Default test -->
