<?xml version="1.0" encoding="UTF-8"?>
<testng-results ignored="0" total="3" passed="3" failed="0" skipped="0">
  <reporter-output>
  </reporter-output>
  <suite started-at="2021-05-22T12:25:00 IST" name="Default suite" finished-at="2021-05-22T12:25:56 IST" duration-ms="55644">
    <groups>
    </groups>
    <test started-at="2021-05-22T12:25:00 IST" name="Default test" finished-at="2021-05-22T12:25:56 IST" duration-ms="55644">
      <class name="datadriven.DataDrivenTest">
        <test-method is-config="true" signature="openBrowser()[pri:0, instance:datadriven.DataDrivenTest@223aa2f7]" started-at="2021-05-22T12:25:01 IST" name="openBrowser" finished-at="2021-05-22T12:25:16 IST" duration-ms="15595" status="PASS">
          <reporter-output>
          </reporter-output>
        </test-method> <!-- openBrowser -->
        <test-method signature="login(java.lang.String,java.lang.String,java.lang.String)[pri:0, instance:datadriven.DataDrivenTest@223aa2f7]" started-at="2021-05-22T12:25:16 IST" name="login" data-provider="Logindata" finished-at="2021-05-22T12:25:33 IST" duration-ms="16497" status="PASS">
          <params>
            <param index="0">
              <value>
                <![CDATA[admin@yourstore.com]]>
              </value>
            </param>
            <param index="1">
              <value>
                <![CDATA[admin]]>
              </value>
            </param>
            <param index="2">
              <value>
                <![CDATA[Valid]]>
              </value>
            </param>
          </params>
          <reporter-output>
          </reporter-output>
        </test-method> <!-- login -->
        <test-method is-config="true" signature="closeBrowser()[pri:0, instance:datadriven.DataDrivenTest@223aa2f7]" started-at="2021-05-22T12:25:33 IST" name="closeBrowser" finished-at="2021-05-22T12:25:34 IST" duration-ms="1361" status="PASS">
          <reporter-output>
          </reporter-output>
        </test-method> <!-- closeBrowser -->
        <test-method is-config="true" signature="openBrowser()[pri:0, instance:datadriven.DataDrivenTest@223aa2f7]" started-at="2021-05-22T12:25:34 IST" name="openBrowser" finished-at="2021-05-22T12:25:41 IST" duration-ms="7389" status="PASS">
          <reporter-output>
          </reporter-output>
        </test-method> <!-- openBrowser -->
        <test-method signature="login(java.lang.String,java.lang.String,java.lang.String)[pri:0, instance:datadriven.DataDrivenTest@223aa2f7]" started-at="2021-05-22T12:25:41 IST" name="login" data-provider="Logindata" finished-at="2021-05-22T12:25:44 IST" duration-ms="2836" status="PASS">
          <params>
            <param index="0">
              <value>
                <![CDATA[admin@yourstore.com]]>
              </value>
            </param>
            <param index="1">
              <value>
                <![CDATA[admin123]]>
              </value>
            </param>
            <param index="2">
              <value>
                <![CDATA[Invalid]]>
              </value>
            </param>
          </params>
          <reporter-output>
          </reporter-output>
        </test-method> <!-- login -->
        <test-method is-config="true" signature="closeBrowser()[pri:0, instance:datadriven.DataDrivenTest@223aa2f7]" started-at="2021-05-22T12:25:44 IST" name="closeBrowser" finished-at="2021-05-22T12:25:45 IST" duration-ms="1071" status="PASS">
          <reporter-output>
          </reporter-output>
        </test-method> <!-- closeBrowser -->
        <test-method is-config="true" signature="openBrowser()[pri:0, instance:datadriven.DataDrivenTest@223aa2f7]" started-at="2021-05-22T12:25:45 IST" name="openBrowser" finished-at="2021-05-22T12:25:52 IST" duration-ms="6624" status="PASS">
          <reporter-output>
          </reporter-output>
        </test-method> <!-- openBrowser -->
        <test-method signature="login(java.lang.String,java.lang.String,java.lang.String)[pri:0, instance:datadriven.DataDrivenTest@223aa2f7]" started-at="2021-05-22T12:25:52 IST" name="login" data-provider="Logindata" finished-at="2021-05-22T12:25:55 IST" duration-ms="3182" status="PASS">
          <params>
            <param index="0">
              <value>
                <![CDATA[admin@yourstore.com]]>
              </value>
            </param>
            <param index="1">
              <value>
                <![CDATA[admin@123]]>
              </value>
            </param>
            <param index="2">
              <value>
                <![CDATA[Invalid]]>
              </value>
            </param>
          </params>
          <reporter-output>
          </reporter-output>
        </test-method> <!-- login -->
        <test-method is-config="true" signature="closeBrowser()[pri:0, instance:datadriven.DataDrivenTest@223aa2f7]" started-at="2021-05-22T12:25:55 IST" name="closeBrowser" finished-at="2021-05-22T12:25:56 IST" duration-ms="845" status="PASS">
          <reporter-output>
          </reporter-output>
        </test-method> <!-- closeBrowser -->
      </class> <!-- datadriven.DataDrivenTest -->
    </test> <!-- Default test -->
  </suite> <!-- Default suite -->
</testng-results>
